21 0 249 80 259 260 285 156 213 121 111 73 48 101 131 265 112 154 97 272 151 183
20 296 85 162 127 15 63 245 96 174 68 271 61 160 10 205 242 176 126 233 208
23 180 75 276 95 18 19 79 232 282 241 146 236 197 237 76 25 201 106 12 71 262 293 257
23 216 212 148 159 290 74 60 226 39 284 204 82 50 89 283 119 16 196 141 256 94 169 2
21 167 108 103 161 137 150 273 57 224 230 128 244 243 114 70 181 152 155 206 49 132
24 54 88 203 136 227 56 125 21 32 217 295 27 177 269 42 98 223 59 297 279 143 84 211 165
25 168 41 8 294 92 218 261 200 91 188 214 202 158 11 147 6 83 124 238 292 142 228 1 153 130
23 116 72 7 13 107 267 113 277 102 239 157 298 140 235 5 248 266 67 215 30 135 173 274
23 87 4 133 58 144 187 129 281 40 185 209 207 23 93 81 219 78 104 47 240 178 52 175
15 34 275 134 198 254 268 3 109 287 250 182 252 186 69 77
21 164 246 210 193 105 44 166 29 28 14 258 163 90 118 139 20 289 288 37 189 247
21 184 62 225 38 53 172 222 64 26 170 22 190 138 255 31 55 43 231 229 278 149
14 99 286 24 263 122 86 253 195 35 115 145 120 123 9
10 110 299 220 171 191 45 264 192 100 251
6 117 291 51 280 17 194
3 199 66 270
1 46
0
0
0
0
0
0
0
0
0
0
0
0
0
0
0
0
0
0
0
0
0
0
0
0
0
0
0
0
0
0
0
0
0
0
0
0
0
0
0
0
0
0
0
0
0
0
0
0
0
0
0
0
0
0
0
0
0
0
0
0
0
0
0
0
0
0
0
0
0
0
0
0
0
0
0
0
0
0
0
0
0
0
0
