2 8890 6686
2 8670 7581
2 2384 3560
2 7468 1114
2 7013 7206
2 1135 7433
2 8773 9287
2 7227 2620
2 2418 1546
2 3654 2887
2 8227 6018
2 9121 5071
2 7716 6753
2 6252 7948
2 719 4887
2 2176 3088
2 4679 2591
2 6321 4471
2 563 2573
2 1178 3202
2 3647 6517
2 3321 4941
3 7109 2736 8345
2 3578 4796
2 3696 5982
2 6031 7110
4 9550 2660 6644 2746
4 6403 5480 9921 1367
4 2015 3539 2502 3897
2 6039 1855
2 4829 5903
2 5991 2939
4 7913 5091 5821 1185
4 1105 8088 6521 8433
4 8758 9459 3536 7450
2 311 1880
4 9913 306 4811 807
2 7325 4325
5 8878 476 8139 6935 8684
3 9449 3358 2669
2 5649 4027
3 8184 6544 7813
2 8965 6527
2 8578 2053
2 1563 1817
4 7862 1399 8895 8251
2 3708 8563
2 8967 9910
3 549 1192 7678
4 1776 9927 1356 7133
4 2735 4948 5983 8047
4 4644 9954 4390 1594
2 7575 492
3 3580 6912 1159
4 3090 768 6377 8727
3 7957 2297 1339
3 1209 3608 2528
5 1560 666 9377 4476 1403
3 9313 3147 5441
3 5934 2718 5067
3 3055 7804 820
4 6466 1040 8711 6190
6 5018 4435 7108 3760 6441 8885
3 4058 1803 2758
4 4758 1269 1778 1000
5 1273 4214 6745 8306 6600
4 7929 5245 1874 5226
5 8292 3030 9864 4011 6610
5 4309 5717 1194 8071 7376
4 1867 3693 5332 8303
5 2519 7952 1973 8192 3111
4 6381 9563 499 4646
5 5970 3371 2944 364 8596
6 6822 7119 7346 2212 3809 8156
5 5324 8950 873 3936 4023
5 2465 7657 7561 368 8824
4 4078 8102 7355 4469
6 187 6541 4467 2346 3246 1293
5 6663 2247 6724 7347 9824
6 4525 1757 622 6913 6879 978
6 7070 2695 8520 3291 1626 8332
6 6689 6670 6228 3008 7779 1555
5 3629 1978 6965 9483 1344
6 4839 3607 568 7088 1208 9868
6 88 9847 4842 957 3381 7632
5 474 268 4352 1381 7809
6 8477 1005 8395 6607 3362 3341
6 423 3442 9084 8189 9925 8730
5 1992 8204 7711 4411 3491
6 2061 3555 6160 5343 9252 773
6 303 6412 4687 8290 7444 4793
7 8175 1138 7399 9901 7891 9349 7025
7 606 4071 5868 1866 789 9251 9723
7 9752 4494 734 1002 1844 4337 869
7 3549 375 8342 9090 4717 2430 1452
6 8731 9216 7911 4475 3614 180
8 9679 4150 6198 5222 2589 4048 2288 7519
7 9619 2008 4788 6150 5562 7909 7713
7 2883 7956 29 8564 9985 7464 4557
8 5335 117 5693 9581 6794 9920 4520 5059
8 5235 2316 445 4379 8029 8792 5371 5513
9 7965 2917 8840 8420 4877 8458 3193 3709 5891
8 1097 3167 2986 6424 7020 7379 1376 9569
8 5440 9675 489 5161 8509 5721 7284 4818
9 6277 1515 3471 6901 6662 1228 4836 8968 8330
9 2720 713 2869 6633 3655 3758 1206 872 1190
10 519 7401 9283 2941 8962 1512 9463 2717 7122 7458
10 9409 6831 9976 7229 2324 3257 1319 2486 5272 2253
9 2432 3855 297 4066 4536 9402 7198 4070 9803
9 9003 5445 1888 5381 6694 9649 3104 1529 2445
11 3817 5086 1315 5341 3692 7799 1323 726 4084 1146 9360
9 3307 8329 8728 3253 2774 3311 6208 7684 8253
9 9514 3988 2912 9140 3245 7329 6735 9044 4483
9 672 920 3281 5192 8086 3990 3334 9763 9515
10 1066 6263 1664 1993 1735 5615 6884 6200 233 7773
10 2571 6695 5300 4495 4586 3333 864 5295 2751 6591
10 6002 1335 700 9187 1724 9935 1860 4255 1023 5886
11 7499 6916 4618 2559 6961 7318 1492 6740 7196 7613 9049
12 8708 7429 4894 6649 5402 2296 3651 1421 9579 1067 8397 2822
10 4742 6815 4637 3743 3168 1113 8073 2166 5553 9520
11 7475 5497 5860 5598 1833 9046 5858 6239 9109 4006 6960
11 4094 7040 2135 1543 61 7709 8179 7210 457 9186 5478
12 2920 5299 9707 585 9979 6529 3640 8699 4511 9744 8719 2866
12 4601 8703 4059 2949 4090 6418 1384 3540 9503 3739 1246 4301
10 1305 9325 4307 580 8271 8024 5491 5307 4588 4417
12 8640 2576 5716 741 4098 477 1406 8158 8892 4629 9249 9693
12 8310 222 9888 7141 24 8587 6269 4693 400 493 3729 8553
14 7861 961 157 2020 7640 2327 3457 7993 1773 3409 2649 4065 23 8000
12 677 273 6807 84 5304 9291 7864 1024 2523 3557 4528 3207
12 4008 6783 4143 3103 7877 7064 8302 8459 5954 4830 9019 2951
13 9305 4855 9523 3025 610 2828 1414 696 7553 7768 9636 4838 6143
11 7928 372 9799 8675 6044 567 7114 6877 1959 9346 641
11 3156 3869 6706 9670 3527 5237 3138 6327 854 1143 8402
12 3444 5885 3149 1815 1447 6456 9452 2026 6536 8546 6463 8994
13 9393 8518 8406 541 1879 8787 6849 2426 209 3833 6744 7147 5127
16 7463 769 4377 4346 5406 3239 5902 1332 4984 2123 7224 7373 908 6515 9750 1131
12 5769 2356 9411 219 6654 3826 4387 1013 1524 9289 2412 4604
11 5424 1528 113 3049 9347 8739 4635 6245 2981 310 835
11 55 583 3564 1794 6843 817 8489 4648 211 7453 1545
12 6115 1353 8559 2278 7140 3697 3005 1651 2642 2112 3230 9359
11 6952 4882 3410 3918 1609 9996 874 9385 5377 7075 1022
11 9207 2429 2313 7455 8149 9052 7319 1970 9702 1785 5578
8 2507 5218 2538 8566 9845 1177 3086 4949
11 9020 554 7849 1838 7320 8020 6053 2074 6293 3225 7482
12 9626 8698 9698 5227 3249 2714 2742 3773 318 313 6238 3861
9 3667 6767 8557 2079 3430 5887 4493 2541 9530
10 6361 2531 7435 3236 8848 1363 6430 7097 1922 766
10 6900 5971 7156 7889 1090 7314 8348 7534 8788 2709
9 4056 6502 2233 2436 8447 8254 4450 8111 7621
12 6780 8213 3546 1170 3596 6752 9495 4624 7662 4329 389 4181
11 5881 8783 1407 5743 7846 1697 4154 9735 7239 1061 7522
13 394 7810 1227 8055 8426 8902 9804 5593 8605 4052 8278 7042 7509
12 9820 3276 7180 902 3092 4507 1186 2171 7990 3028 8490 6524
9 7293 6135 5572 8370 2495 7934 6076 4317 240
11 7186 6485 7028 7585 4863 2825 9613 4138 8722 1680 6934
12 6656 190 2942 4537 6155 3779 9071 3325 5914 7972 9600 8276
13 1883 1637 4583 8586 6304 5517 212 6825 5382 9418 1706 251 7375
11 7188 6189 4208 1734 3368 8448 5711 7113 5444 6665 7182
12 5027 9166 7612 699 8104 9011 47 1430 39 1027 1015 8654
11 9733 658 4781 9852 7512 332 9586 1676 5780 229 8230
12 6139 5387 7230 2928 8274 3396 507 7152 5679 8571 3507 2007
12 4873 7687 6404 315 2782 6567 881 8245 7506 1713 446 8269
11 8932 9405 2536 9128 8021 1625 7102 6340 6647 7383 7362
11 19 3197 8736 2512 2915 8207 2056 3433 5437 4420 3388
12 2603 1605 3579 5358 3384 513 6004 4405 6222 3824 5597 1562
10 8630 3294 7398 2788 1142 4228 5626 3778 379 7061
10 5727 5808 1784 3029 7546 3603 1326 6762 7068 5968
13 2738 3148 6658 2006 3849 5540 7277 1685 1422 6319 5969 2463 9350
13 2424 7287 7129 5034 3865 3017 5920 5621 8173 3751 1140 5296 7105
11 1438 4428 8323 6851 6669 3512 6173 9737 3694 1956 7600
10 9406 8376 8774 442 2896 6645 2654 384 7760 8753
12 8484 1372 5213 2899 5500 8224 6634 977 1835 5557 1695 6090
12 8262 4260 8435 8449 6410 5732 3566 6399 8028 6583 5883 8070
12 3575 6558 8277 3910 6473 5017 5158 5169 8373 943 4580 3889
11 739 8209 627 7677 9267 935 984 3530 137 2099 9489
11 2641 2748 5710 481 2132 210 4913 8780 408 7015 3755
14 8425 6123 6110 9851 7927 1564 8614 2031 3116 867 174 4492 9451 3224
11 9473 9137 8715 7248 4482 1252 4709 636 1459 3827 4778
12 1630 4885 5698 6875 1260 1111 856 4744 2359 5979 7844 532
10 6199 4706 9691 2147 6409 5662 7816 1433 5919 923
9 5875 5654 965 428 1102 8035 584 1037 1998
10 5359 2422 5049 4761 8464 415 388 2343 5975 9999
12 6329 9246 9412 9556 435 2198 2470 2954 6197 9436 4736 1064
13 5948 3208 4437 9544 3354 4815 4107 5124 7778 8793 9740 1087 7472
11 109 7704 1852 6756 6420 5347 1046 4953 1016 9914 2615
11 2357 271 3891 9030 3740 933 4205 5764 4523 4868 7264
12 4414 6924 2230 1267 7867 7380 1949 7679 2977 613 2177 1322
10 2838 1251 3176 4080 4666 7438 6484 3986 8599 1284
10 4546 1689 1995 533 3398 9497 657 4559 5985 9642
12 1593 945 3976 9965 6125 7337 9138 9897 6333 3163 8422 6687
12 7471 9191 7428 9869 35 8995 3502 3669 6910 3145 5573 5190
12 5990 328 6741 4112 2783 2382 3232 5344 2693 3767 7655 644
12 6747 1100 9255 2690 5425 6563 7174 81 7037 1736 1411 2265
13 4959 2791 9768 4164 3510 6475 4704 8194 1721 7275 7483 3161 6834
12 3951 8978 1221 8410 7579 7535 7971 8326 594 5742 8913 1931
13 5113 7082 2293 8440 7446 448 6550 643 6597 454 8244 3389 3367
12 6493 7357 6164 6765 4207 8940 9199 4636 6548 576 3508 4321
13 7116 7451 2335 6206 7000 3445 7193 767 2556 249 3635 6129 3638
12 7104 6168 9627 565 7557 9135 6480 952 4249 2710 4810 1018
14 5393 8548 1588 150 3594 3022 8609 494 8815 3315 6855 5281 8048 3069
15 6457 9974 4170 4184 6202 4088 4973 3468 97 8998 350 2777 7153 3272 89
14 1984 3160 5856 2401 5516 2338 601 1346 3439 2191 5317 1289 1821 5254
13 5744 9306 3947 4421 4404 849 6247 3685 7680 2760 8661 1670 218
14 5818 5487 2975 9282 8588 7226 6966 4123 8809 8830 9754 8200 1763 2448
14 2106 2143 2511 730 2216 9179 9392 4819 6274 8099 3135 9732 9372 3870
13 3196 5510 1674 825 5816 4657 8298 9232 4939 894 5864 5909 7432
13 4455 8832 4349 1655 1755 1365 7150 6904 5556 6298 4419 3705 6152
15 1635 7117 277 8573 3632 3066 7994 4862 7019 9687 819 2308 9509 6988 3288
16 9685 3170 3601 5748 6922 7884 4940 6618 799 4470 5134 1789 262 8982 6520 1478
17 842 5112 3424 4194 9874 6220 9464 2178 8996 2330 9381 7940 2851 264 4022 5950 8119
16 4223 5466 5771 498 2881 6244 9100 2240 4433 4802 693 798 5000 6499 4275 2032
18 5746 6068 4196 5541 3188 3680 5830 553 3624 8038 9541 4135 4438 7280 1442 5705 4898 1574
17 8629 3067 9469 6951 9815 1628 3537 871 230 6297 5140 2237 9021 995 5813 0 1615
15 3572 1869 9105 8536 9065 1474 5847 6850 5910 742 3178 3516 3252 9601 6
17 9595 9274 2455 482 4826 7668 6133 7555 7609 8031 6692 9686 6801 1021 7771 6911 4054
17 3329 3024 1010 4807 3199 2754 3181 2966 4068 6581 4950 7635 9258 4465 9076 6365 8201
17 9087 4200 3068 3989 5955 4029 2167 2173 9817 852 5635 6995 6382 9519 1586 4191 2134
17 2520 2957 3991 951 6503 633 2706 2857 2075 3534 1682 6830 8886 8946 4361 7368 4122
18 166 892 8203 9631 9575 4141 9042 1565 5426 6114 6462 1842 3061 7767 605 3298 8606 1285
17 5060 3461 661 9890 5712 3453 4854 7988 8667 688 129 6320 2269 9663 3324 2491 3349
17 2963 5890 5636 1518 9657 3051 8167 7811 2984 8857 6622 7599 8679 8762 2593 2298 1858
14 6786 6547 2982 8188 578 5064 8819 3027 4100 5997 8340 3926 7753 3903
17 8713 2784 5006 2566 4720 5686 9180 7342 1947 3278 4698 5211 2125 7835 5325 9048 2806
16 8979 8786 1955 839 1777 7663 2406 7643 698 5008 5168 9880 5255 1216 3265 437
18 3459 200 7430 9487 9512 2551 6009 1 8620 7176 1286 5589 1533 2812 3337 1642 7496 1507
18 6455 4848 1904 780 3050 2473 4366 4584 6416 624 5350 7497 9848 7218 5669 8080 6348 7304
18 1530 5189 6192 3317 4686 4003 2937 6089 6062 141 6680 9403 5851 7997 6509 1427 3887 6246
17 9666 8328 4673 1240 5917 5287 9158 189 5394 2805 285 5498 4373 9840 879 6226 9184
17 2711 5369 5285 718 284 2000 5457 9836 4772 7501 684 905 7703 1426 9986 3633 6514
16 6159 608 8040 7876 497 5815 3952 2680 2882 3689 1666 2510 3312 4500 5664 1439
17 1489 4935 2118 4875 267 6523 559 5809 8239 524 9229 4144 2582 3330 8929 5072 8949
17 9401 4910 7372 4502 9353 656 3169 2480 9478 3722 8935 4415 3774 3890 6914 5138 3020
17 4575 4630 2780 4705 2686 1908 156 5994 2645 9462 4043 8975 3515 5197 31 7904 5646
17 4233 3426 6413 9345 6575 6474 7682 3731 3432 9474 8958 946 2619 9760 6207 6349 7899
16 7792 7638 6942 6003 6141 5241 105 5782 6699 7924 3650 2678 486 3957 2411 3504
19 1030 5214 326 2036 7710 5751 9364 5962 6907 2630 5658 1035 8632 6397 4015 6217 5842 5531 1212
17 530 2539 8803 1508 8110 6537 3829 1709 4074 9083 6560 5639 7056 9253 4412 8726 3620
17 4661 7648 8915 3114 5829 7191 876 1561 2933 9444 5171 723 6894 2481 631 1751 2853
18 9316 8574 9286 1830 5054 6580 921 5021 7316 9270 9644 8077 940 6495 4763 5604 6518 7181
17 6804 1313 2518 7686 6078 5660 9062 9810 938 6540 589 600 8845 4925 6614 1744 4005
18 1121 6265 7255 9002 4645 9833 2128 377 6066 1428 5479 6124 6543 5776 9865 609 1652 3771
18 9806 7666 1986 378 4481 5622 3940 6769 7926 1882 3828 7330 6564 3964 4823 8581 2926 1207
17 9559 1804 9830 4938 4245 9949 6630 1660 320 581 7528 71 5164 8999 9301 5294 4599
19 9813 8309 8784 3966 2333 7494 3393 883 5062 6868 7610 8357 1385 7658 8202 7720 1936 2300 3797
18 206 409 8991 8653 9819 1537 9647 6562 8481 5176 7556 9966 7854 9826 3733 8215 6322 4716
18 5089 3821 439 7690 1634 4639 6946 2368 8798 7296 9658 9055 6363 6889 9648 1118 4996 5110
18 7406 9543 6255 6984 6058 6512 6729 1553 3227 2021 776 9862 7930 8356 8704 5147 7146 1378
17 5282 8868 1627 5674 9457 7387 3210 7490 7650 3905 5561 3320 5898 548 8934 784 6060
18 2657 8157 9485 1640 511 354 382 1977 5306 1513 6387 7363 9748 2876 3277 5533 6477 2936
19 4833 720 168 9625 2916 4024 5952 353 8237 2407 592 3438 4936 5384 9533 7050 9664 8319 9484
19 4794 5507 1218 950 2663 4615 1864 6248 2246 3216 5094 1316 8153 4051 1659 2747 7784 5653 3954
20 2626 9602 3830 3717 6021 5756 348 2852 5465 2122 7498 4212 9659 3091 7200 4175 6371 5877 5348 9878
19 9320 9012 5090 199 6903 9712 2527 7014 7659 194 5470 8107 1610 4573 1007 7788 438 8430 4987
18 7631 9640 9382 1843 4595 4990 7344 5260 680 5391 8473 4727 9788 4530 8199 1808 6795 2755
20 2681 3129 4299 9705 2731 9410 5628 1768 550 6301 5801 6104 3570 6075 4572 1849 6845 831 5828 3286
20 245 7975 7086 8133 8747 376 9341 9576 8820 3211 7516 2684 9153 3296 9708 7059 6214 1663 4127 9993
20 6307 248 41 6186 4028 4409 6313 3205 8493 4121 1431 4569 1229 8900 9245 440 7242 7069 1088 8106
19 8462 502 3375 164 330 146 5724 5374 9160 7627 7707 2142 5738 2549 4774 3703 2070 2155 7053
20 5996 4109 5025 3816 57 98 9130 4017 9505 4971 9379 8334 5734 8061 2263 7408 2499 1333 2998 3134
19 3403 4153 5602 6526 9273 4326 8761 4857 967 4840 4992 2405 5326 3548 9257 1847 8948 9726 9250
18 8198 8835 6012 5156 3220 6251 4274 6596 880 2923 7195 8936 2561 8568 5762 2096 2858 4177
19 697 7637 989 95 3783 4914 6132 2790 5608 6306 4235 9929 7782 7815 712 4931 9608 685 9668
19 1054 4733 4602 4656 6380 708 8506 8339 3496 1781 985 8881 2454 5570 8389 6158 6717 4286 2363
19 3541 2973 6711 7085 3036 645 5650 8851 8665 6566 4561 8906 7536 9578 7094 5509 8619 2337 4320
18 9078 5777 4202 5539 3789 7364 8529 3345 1051 7630 2670 7510 5802 9528 1940 5811 7476 2172
19 128 4980 1223 846 9524 6886 1181 5298 1944 5373 9542 9943 4082 6072 4436 4751 6616 257 4220
21 5554 5535 3200 2305 5668 6119 2119 8909 4089 6178 1282 4314 6678 7125 9621 5763 1893 3864 5812 8441 2902
18 6450 7574 8816 4957 5495 2653 5690 2115 4072 3338 4012 6225 5152 3552 2283 3742 6099 6127
19 7249 5120 4782 7190 2323 8652 5844 7078 816 9026 1551 9456 558 5320 5365 5461 7836 2677 8622
19 3263 5663 3191 2060 8353 3122 9751 6674 582 3699 155 3805 6259 5098 4261 4812 1579 3492 8196
21 6296 4867 5699 3915 8554 753 3802 4119 8413 4496 538 3292 5532 2768 2004 9588 4991 4735 948 6470 8120
20 8382 6069 8856 6538 7386 7665 6832 979 21 1819 991 9548 3519 8561 5475 6311 6725 3741 6032 4662
19 8351 3544 4115 6402 5366 607 9238 9741 9376 78 7090 8526 8828 2487 362 9883 5412 3611 8499
18 8346 3073 7870 9549 9064 9068 6013 6121 1679 7267 9072 1854 9231 3297 3256 3702 2698 5404
21 3786 7465 3108 2261 9681 7434 7558 7762 76 4824 7757 928 8471 1554 8304 5580 1280 1542 9714 7968 840
20 3490 3605 417 640 1913 772 6962 8023 3609 8534 4340 26 1918 9471 7189 6792 4510 3014 9146 392
20 1276 9297 6710 9654 4658 1797 1239 3867 6999 2315 1590 6974 5908 5346 5505 2342 5895 432 4900 2836
20 9805 3866 2440 6498 5107 6023 8412 7143 9624 5794 9639 9322 288 80 8565 1056 1354 8006 9765 4678
21 5205 1200 3411 1723 9620 4659 1487 7010 6426 6056 4539 6116 8431 5080 1538 3081 8240 8411 5198 8666 535
21 4665 2904 7243 290 6356 8937 3117 9284 1415 1891 3959 2063 8297 2433 4152 6501 1481 579 6817 3559 797
20 1527 8434 1500 3615 5433 4344 1746 2121 5481 4832 3173 173 1772 6325 4722 9047 258 1645 762 1009
19 6836 69 3840 3583 7479 7448 9652 1875 7614 6681 4204 8822 9295 4000 4952 4172 5463 3688 7601
21 3462 7580 1503 9314 7492 4403 8259 252 9151 1831 6452 1034 2844 1094 539 1925 5178 2204 9398 2795 5020
19 3475 9557 2999 3818 127 2675 5684 5610 1747 8064 3323 836 5518 9672 1703 7892 5683 8623 5376
20 9633 9757 2967 5291 8421 8806 369 2612 1979 9321 6513 5484 8010 1400 6256 5223 7859 165 1633 8572
19 9944 2605 4020 3414 2442 5088 7457 8610 9159 8097 1071 6146 2214 2003 7367 5141 8838 8888 3850
21 6360 802 5719 506 9118 8615 5087 115 990 6389 4768 5559 1889 687 2092 4333 9585 1935 5248 2983 3931
20 655 1580 8085 2997 161 6989 5279 2809 8182 2546 243 3503 2894 8394 6046 9540 9567 3637 5961 7093
21 9926 5957 1460 2577 9738 4099 5238 2192 7633 4128 8009 1342 4762 815 620 9755 9661 4672 750 6291 1636
21 5757 9628 3921 7787 761 2464 8094 674 6672 2907 7080 3949 6102 8549 2018 588 1225 1077 9895 5850 148
20 9045 3875 6000 4291 9037 9645 2110 2893 5486 6602 1283 441 1806 8986 7192 4231 5949 1462 1699 8364
21 2399 8823 1873 982 5012 4063 9731 2602 3429 9849 9784 7672 8525 5181 9919 7842 1486 2136 1623 5652 5825
21 975 6718 830 7737 6357 1613 6927 7513 8843 9607 9397 6042 7699 6264 9933 2202 73 488 7295 4281 6650
20 6128 5888 1233 5428 8037 9561 4355 3434 3759 774 744 2431 7706 4730 3810 3868 134 8218 8891 464
20 3083 4250 32 1693 5375 7162 5400 2702 1199 7392 1132 7352 2162 4148 8344 654 7688 329 7524 9525
20 4246 2497 1272 2537 5678 5409 4872 8505 6243 3454 5221 8115 2462 8170 1780 7157 7023 360 6384 8923
22 4285 5892 596 266 986 2781 8785 8585 5941 7749 2715 686 7560 4625 9856 8759 9861 5322 4820 3229 207 2252
22 9144 1997 782 8791 6985 595 1160 542 7727 9038 2037 2765 5502 8971 2483 1108 2749 9580 5431 7410 8235 5438
22 8338 3105 1550 3554 6771 2059 422 9156 2270 1096 4965 2557 4942 813 2124 9739 7878 9058 188 8633 1341 8453
21 4225 3602 5182 1863 6454 2207 9858 7274 4773 8063 6059 8437 4025 1119 5103 7511 8825 9756 8162 8538 7733
20 7236 8285 9743 2639 992 7425 8782 5405 8953 2729 8160 1818 25 5330 2759 7744 3179 7623 8113 3712
22 7602 9254 9634 8768 4035 5135 4371 7941 5001 1930 4358 6880 1464 7101 2668 7521 651 4252 8508 7241 4140 5446
22 9696 7554 1729 1792 823 8445 5116 8379 254 6460 8904 5730 2694 4442 2416 604 1144 2474 1983 6761 1473 4883
21 4920 9680 172 3666 8989 5234 9394 9127 1098 4924 5380 8284 7588 5136 2889 2071 7127 3844 702 5977 8331
21 6029 3972 1667 3082 8191 66 9964 4441 4224 7872 614 7978 9547 9453 3472 3917 6355 5737 143 2773 7460
22 419 7874 4410 1963 7382 9182 380 5579 9822 9896 7142 3494 2478 8672 2413 7520 9903 2091 301 2697 3848 3562
22 615 9104 8772 6438 6648 1349 7282 2011 7729 1364 561 8343 3682 4351 6282 6887 1358 470 4808 6994 1408 4095
23 135 4703 2934 6856 9018 8795 2217 1311 5193 1779 6157 7164 6262 1416 8522 6773 5053 2637 3676 763 926 6631 1055
23 4064 8146 9562 9450 152 2409 6615 7477 4944 7334 272 2599 8576 1435 9653 9211 3634 323 8468 3571 8837 1213 302
22 6338 956 8419 5477 9116 7840 1369 1281 7847 7830 7503 2370 9029 7285 2476 54 5010 9599 4753 6840 393 4846
22 1994 7572 7683 8681 6601 6969 6805 5603 1299 9872 235 6165 4073 7340 1026 6578 964 1321 3911 764 4069 5334
21 2425 4016 1201 2952 7203 4503 3904 7066 3476 7259 4198 4915 6813 8016 7071 1764 4174 3728 2251 5889 9448
22 8521 3938 4558 5627 9477 1294 7134 8263 3102 6932 3811 515 9718 1253 9682 9081 9615 1303 7989 1919 2815 2326
21 9947 2992 4613 5303 3493 2105 3970 3194 6582 2444 7065 8745 3395 5980 7747 2811 8702 3001 2310 3158 5749
21 5212 3058 3319 2180 5503 5837 1453 4147 9513 7754 8917 4468 6545 5430 8469 5401 5820 1479 756 8718 1343
21 7312 6352 9190 611 7209 8155 629 6279 6751 5268 6883 3968 2285 5383 5840 4380 8341 8893 5834 7437 2509
20 3585 483 1175 7628 6336 6698 7135 3119 2025 9324 8150 5810 9092 884 1347 6287 324 18 2196 3737
21 7172 6818 3906 7692 7856 1436 7697 7793 3031 3293 7062 7265 8294 6229 4548 7947 9336 6019 9787 5174 6586
22 4050 5240 8079 895 6261 9761 9481 8214 7903 8624 8004 2461 6820 1423 3852 1878 191 4210 6576 1085 1705 9749
22 119 6316 9511 3807 4139 2745 6346 2543 2969 8743 8767 4608 9798 6928 9899 418 9697 7478 2629 4972 2516 7467
22 9769 6749 5779 2651 4713 3524 7456 6041 6727 2931 3137 2567 3980 5736 5084 351 7031 4956 652 9829 3630 3378
21 7567 9795 7685 7246 1762 4786 2979 4256 1568 4937 3213 2793 8248 9998 4612 1156 1126 9147 4614 6465 7951
21 8637 3885 4137 1845 8671 120 5100 8987 1700 2154 2740 4852 8121 5687 6431 3166 804 1895 4162 1894 9770
21 2856 1601 3542 4652 5913 7466 5632 7381 1591 2769 2364 450 9102 5648 7775 8095 5003 6895 770 8365 9465
23 5566 9951 6764 2181 1215 8523 4328 1710 163 3750 2042 5340 4173 2524 198 8126 4401 6281 1654 3023 6603 4691 9309
22 8766 5511 3112 4372 2033 8190 7933 6081 9441 4209 2498 5031 8359 7718 7420 6511 3056 7121 3046 6212 6170 8443
22 7323 9871 7883 5601 3721 9458 2126 5099 5201 216 9894 9230 3788 6555 3363 7736 7518 3431 1813 7992 3347 1300
24 3795 4869 8128 5783 4007 2732 3098 7315 9264 3469 9299 153 5520 5747 322 291 1049 6335 5146 7705 9024 6676 5471 4531
22 8219 6392 7211 6024 7916 9263 3099 8864 2057 8500 8933 6679 8081 6617 8281 7634 1219 5618 5506 706 4779 226
21 6842 8682 241 8403 5701 8694 6677 9089 947 5314 8475 694 4092 7898 5785 8678 3143 4600 5637 722 4193
21 4376 8796 2140 5036 3482 3451 2415 9054 9908 40 9143 7100 43 205 5066 8914 5489 5257 2100 6241 6917
22 8093 3026 4101 5263 7785 2652 1859 6657 1166 4244 3992 4985 1814 787 9978 6427 1582 6300 8663 1204 4432 4013
20 6742 2570 3701 9375 7595 444 9912 5070 8721 929 3973 2995 4626 9924 4381 427 3280 6323 3591 4241
25 665 2235 4297 1222 8955 1324 7912 5838 2673 8827 1004 8007 9534 1525 1541 3590 7917 850 4176 7426 5316 1074 7051 7918 8195
23 5620 7698 2250 1910 475 7901 5584 397 7488 2052 4221 1394 1073 8270 4238 736 7233 6010 5634 5215 2608 5819 998
23 1386 9492 8831 7759 5228 9262 1475 9031 4117 6268 1297 5379 3592 4876 6014 3209 5327 5960 1092 7673 6249 7393 3523
23 6425 3616 8034 9832 1232 3290 7693 2948 3394 6203 1871 3222 4712 7250 3374 6972 6768 2144 2865 3359 4577 8947 1691
22 3565 3420 7922 9537 7730 2320 3735 8272 959 2722 1396 2016 7194 1976 2381 6899 9338 4757 4364 8451 4799 4747
22 2245 7442 1684 5453 3215 4477 8187 4302 6898 1448 1702 1307 6823 6755 5416 6611 14 3322 6445 5232 8862 2816
22 8059 8042 9209 2385 1511 3785 6344 7048 10 2373 6891 9363 8325 2334 7800 45 6074 3533 3304 5159 6350 748
23 3842 5351 8368 6584 8876 9564 8300 847 3752 9056 6038 5166 2451 7130 6759 5229 5338 9057 3387 9507 7789 5758 3033
23 9164 6446 9527 100 46 7041 6098 6716 4532 3597 3186 5097 1371 3419 1769 179 4668 6936 6112 7943 5633 4901 9522
21 381 5656 8367 4605 9357 8595 1176 6696 6085 2596 1787 6224 3006 647 1759 2726 6035 7742 707 8959 8607
21 4396 6034 2585 5267 6172 4828 2234 484 93 4845 9460 870 1816 2428 8752 6005 1129 5117 4563 2922 9097
21 5352 942 85 6809 5045 106 3271 5250 9583 8387 1298 8335 3900 3407 2970 7577 8249 690 5293 2617 391
21 208 1106 102 1496 7732 8266 4623 412 7807 3300 1042 1707 5625 7919 8805 7290 5118 911 828 8641 2880
23 1491 7034 9538 5799 2578 9900 8542 8687 987 4472 6824 3487 4423 8720 6530 1296 1390 2088 9745 2592 1350 336 2964
23 6739 3047 9419 3038 7096 3531 3228 8229 6683 5582 5104 510 6790 973 2763 3598 4431 822 2820 1788 6405 1961 7826
22 2635 8575 832 9617 9923 7808 7276 7794 8014 6848 9358 242 3919 7288 4932 3118 8757 5 6015 5676 6766 5230
21 2041 2077 8504 907 9570 843 9553 6793 3221 5976 5396 6184 4322 6432 4240 5258 2993 4759 1446 2819 6191
22 2787 6048 92 7263 6359 8860 5933 6106 8540 4272 9939 9175 8432 3485 1712 8056 5048 9307 7667 6087 1923 3883
22 4587 9610 8642 300 178 1937 3790 6775 777 495 9780 9435 6572 5590 9119 3427 1732 1795 2940 9004 3284 8535
23 2352 6398 1884 7253 709 1745 6331 2048 9167 2209 3356 2796 1749 1905 6561 5549 1915 7589 259 4968 5599 1456 2664
22 6703 6305 3993 7245 1587 7769 6161 1393 15 8755 1383 4345 4004 2872 6145 3820 4298 4447 2133 1086 3063 994
20 3054 1352 1256 3165 3465 8072 8551 9205 3625 2087 7047 3060 2991 1362 1754 3125 5897 7154 962 5973
22 922 6216 9276 5082 7642 147 1752 8662 8017 4906 4647 223 9961 8065 5703 6720 5773 3343 4977 7057 9552 8154
21 3879 6814 704 5170 3839 461 8945 808 3776 7615 3714 1933 6362 3700 1811 6417 5130 669 8083 5493 8716
24 3270 3370 2776 9033 2613 8970 4834 1531 6134 9221 7009 6874 4701 528 3076 8354 3235 5236 8478 3327 6093 6065 7235 5555
20 6101 6638 1331 4756 7629 3657 1466 4159 6447 183 7351 5754 2911 6688 9124 2703 8839 5563 3478 3043
22 3663 8854 4607 6272 3981 4884 1981 5959 9987 1914 6859 4850 1535 3927 5638 1380 7390 5044 471 8808 8374 6227
19 7882 7636 1211 9641 3044 1985 3547 2156 9112 6925 3738 9989 3613 9413 2354 9609 6976 9831 7036
20 572 9242 7043 969 1943 9192 2835 1946 9225 6312 42 8231 1765 3206 6624 269 3273 4844 2908 9374
23 2799 6652 4171 1733 4664 2753 2054 8051 5105 8460 1921 3595 996 7960 6309 7247 5414 5912 6096 5536 4049 8870 4766
23 1647 3057 3477 3435 3532 2477 5619 4104 8510 4899 1960 3404 8729 2587 8749 9973 5151 6869 3180 898 6958 5485 4817
22 1465 7208 1079 3775 1846 5899 1476 1264 6571 9843 6722 1604 9447 4748 1766 8778 7756 2877 5893 6154 9721 3679
23 2600 2741 8951 775 9812 2867 1791 3845 5995 916 5708 3813 5793 7945 3018 2514 28 1397 4983 3791 5900 2203 44
21 1245 2771 6407 6784 7187 1942 7763 1320 4947 7790 2978 752 6947 6037 8322 4142 6028 5024 13 2376 295
23 4806 4585 3732 6896 8882 9742 9612 3146 5386 1715 2535 3748 8165 1409 8598 5378 8058 8295 6482 3730 4542 3042 2529
21 5187 9202 5866 9177 3675 4163 3782 4453 4628 5092 2311 1368 2500 3794 2792 2127 9040 1180 2277 3941 7700
21 9171 6967 7309 949 8316 659 2525 3079 7743 3234 8954 9945 4280 7671 33 5946 1969 3853 5937 8503 5944
22 1557 6182 4643 9684 4356 6094 2264 7366 8918 912 4675 8532 4335 9170 4169 2069 5185 9154 4230 298 1327 6342
21 4318 4764 8938 8973 6593 7931 8288 3154 5689 3856 7802 1606 829 312 2968 1526 9294 3835 7136 6782 7038
23 7232 3636 8030 4384 1412 4397 8659 402 4365 4060 5733 8258 2148 1243 3996 4182 2987 8658 4967 455 9827 2353 6288
22 7092 2696 4034 2377 8800 3974 833 9298 4019 8193 293 5357 5186 6276 3736 2258 4934 6535 3718 5745 7625 7115
23 8530 4544 8176 8116 5861 691 4858 9157 936 9103 5016 2344 3136 5852 1308 564 1028 2050 4998 5202 1939 2287 9178
21 3366 2919 7171 2275 5792 4236 2402 2374 2319 8299 2299 4439 6303 7328 5450 8931 1927 5661 3690 5361 8217
23 2927 529 9134 7278 4880 2453 5998 9790 2648 4087 4710 9630 5106 1690 3642 6142 1484 1991 4284 7343 1060 4157 5078
23 8236 671 6643 5853 4724 9288 3466 4353 1688 5786 5167 7741 3074 2380 3223 6787 8836 6606 16 9977 3012 4133 2862
23 5069 6280 3326 5014 4638 7764 138 5247 1499 3686 8842 9163 220 6812 2378 361 3303 855 3681 5544 2550 6113 5434
24 6705 2900 5766 7777 2394 7445 9516 294 6921 612 5640 4964 8512 2186 4715 6506 6945 9501 6626 5644 2886 9791 1153 5047
22 751 4541 7745 6589 6902 1309 5907 5700 2935 1424 8293 1033 9389 5925 6117 9431 4680 5831 3612 4363 5836 3619
23 8112 1902 8151 9962 3261 6865 9303 5630 3550 4136 7461 7504 2676 2572 5612 5930 8608 3600 7530 1258 9123 7954 2273
23 225 4986 4930 9948 4270 4989 3754 395 7077 8646 9278 2034 1622 3526 1786 5993 8355 4061 8206 3448 5896 9555 2530
20 4485 3513 9952 8801 2534 7843 7651 9821 2682 2739 9366 1432 3935 7607 4551 6302 9290 4683 6230 5432
22 5422 6270 1182 8220 425 509 4654 9879 1639 5005 9867 3013 1853 8741 3413 788 6435 1262 3792 6051 8964 7168
23 169 9678 9466 1862 8257 4767 6864 9421 8903 2762 7397 5313 8584 4368 5823 201 2827 3567 4269 5753 3558 8740 2650
22 1686 4593 3746 4347 2292 3505 9838 5143 5184 5577 6176 3525 5761 6531 2517 664 3441 3390 9214 4926 1987 6675
22 2831 3784 6213 4213 2842 355 6201 3174 3159 3593 6131 116 5550 3506 8053 5750 9010 4570 2488 424 4332 6539
23 4749 6639 3062 2362 8407 5101 1539 65 4443 2443 1058 9946 3447 1155 2918 8141 727 4239 2830 6250 2329 6242 9061
22 531 6570 1169 1109 6882 1504 9433 3039 9508 467 8247 3360 9053 7942 8483 9373 1694 9148 4341 7996 4556 247
24 3190 2404 6719 9101 3258 9911 6386 6451 6064 6459 8307 7734 9400 6318 1444 3764 2849 9587 5469 8866 3113 6978 2098 9891
24 6026 552 9546 5043 1583 1302 2107 352 7987 3847 1756 7879 1566 217 4362 9445 5126 9807 860 3455 8279 8238 7731 3965
24 9710 8555 91 6237 1725 1595 6218 2989 5154 458 4114 2580 6953 5496 1957 4262 8032 9197 1868 7563 6148 1962 4490 2165
25 5642 4555 1263 9165 4888 4400 715 5074 1872 7149 8760 126 1519 5019 4001 6376 3998 9302 1877 7850 8082 7436 9960 1722 1288
23 7548 2434 9035 4798 74 9228 2164 1461 202 4856 4232 889 1187 9594 9991 4754 4030 9814 4108 4134 7228 5331 7459
23 660 5050 2160 6422 1494 2290 2972 6367 2078 8492 5878 634 2242 7923 9582 7979 673 9660 7310 4752 4339 5953 176
23 617 9475 2044 8737 8631 2220 5835 6605 2332 4651 6396 4165 556 6554 8108 4166 6406 4995 2624 6481 3719 79 4305
22 8742 1189 8018 2565 8952 4406 9268 3661 8027 4251 4388 1618 7584 334 2379 1231 8487 7669 5203 82 2492 3644
24 6196 853 2076 4497 3247 3305 4871 2229 3428 8650 5804 3101 4461 9239 8927 7675 7358 4367 1490 8790 8226 8879 2840 6828
24 9981 2291 8695 374 1912 2467 1392 6211 5527 4582 1235 7796 8233 1934 9437 5035 3481 2579 4671 4427 1115 8275 3662 7175
